TN:
SF:src/index.js
FN:24,(anonymous_0)
FN:28,(anonymous_1)
FN:32,(anonymous_2)
FN:36,(anonymous_3)
FN:40,(anonymous_4)
FN:50,(anonymous_5)
FN:60,(anonymous_6)
FN:67,(anonymous_7)
FN:89,setSize
FN:97,(anonymous_9)
FN:107,update
FNF:11
FNH:10
FNDA:4,(anonymous_0)
FNDA:4,(anonymous_1)
FNDA:4,(anonymous_2)
FNDA:3,(anonymous_3)
FNDA:4,(anonymous_4)
FNDA:3,(anonymous_5)
FNDA:1,(anonymous_6)
FNDA:1,(anonymous_7)
FNDA:18,setSize
FNDA:0,(anonymous_9)
FNDA:488,update
DA:4,18
DA:5,18
DA:6,18
DA:7,18
DA:8,18
DA:9,18
DA:10,18
DA:11,18
DA:13,18
DA:22,18
DA:24,18
DA:25,4
DA:28,18
DA:29,4
DA:32,18
DA:33,4
DA:36,18
DA:37,3
DA:40,18
DA:41,4
DA:42,4
DA:43,4
DA:47,4
DA:50,18
DA:51,3
DA:52,3
DA:53,3
DA:57,3
DA:60,18
DA:61,1
DA:62,1
DA:63,1
DA:67,18
DA:68,1
DA:69,1
DA:70,1
DA:74,18
DA:75,18
DA:76,18
DA:77,18
DA:79,18
DA:80,18
DA:82,18
DA:83,18
DA:84,18
DA:86,18
DA:87,18
DA:90,18
DA:91,18
DA:92,18
DA:95,18
DA:97,18
DA:98,0
DA:101,18
DA:102,18
DA:103,18
DA:104,18
DA:105,18
DA:108,488
DA:109,488
DA:110,488
DA:112,18
LF:62
LH:61
BRDA:61,0,0,1
BRDA:61,0,1,0
BRF:2
BRH:1
end_of_record
