TN:
SF:src/index.js
FN:24,(anonymous_0)
FN:28,(anonymous_1)
FN:32,(anonymous_2)
FN:36,(anonymous_3)
FN:40,(anonymous_4)
FN:50,(anonymous_5)
FN:60,(anonymous_6)
FN:67,(anonymous_7)
FN:89,setSize
FN:97,(anonymous_9)
FN:107,update
FNF:11
FNH:10
FNDA:12,(anonymous_0)
FNDA:12,(anonymous_1)
FNDA:12,(anonymous_2)
FNDA:9,(anonymous_3)
FNDA:12,(anonymous_4)
FNDA:9,(anonymous_5)
FNDA:3,(anonymous_6)
FNDA:3,(anonymous_7)
FNDA:54,setSize
FNDA:0,(anonymous_9)
FNDA:1422,update
DA:4,54
DA:5,54
DA:6,54
DA:7,54
DA:8,54
DA:9,54
DA:10,54
DA:11,54
DA:13,54
DA:22,54
DA:24,54
DA:25,12
DA:28,54
DA:29,12
DA:32,54
DA:33,12
DA:36,54
DA:37,9
DA:40,54
DA:41,12
DA:42,12
DA:43,12
DA:47,12
DA:50,54
DA:51,9
DA:52,9
DA:53,9
DA:57,9
DA:60,54
DA:61,3
DA:62,3
DA:63,3
DA:67,54
DA:68,3
DA:69,3
DA:70,3
DA:74,54
DA:75,54
DA:76,54
DA:77,54
DA:79,54
DA:80,54
DA:82,54
DA:83,54
DA:84,54
DA:86,54
DA:87,54
DA:90,54
DA:91,54
DA:92,54
DA:95,54
DA:97,54
DA:98,0
DA:101,54
DA:102,54
DA:103,54
DA:104,54
DA:105,54
DA:108,1422
DA:109,1422
DA:110,1422
DA:112,54
LF:62
LH:61
BRDA:61,0,0,3
BRDA:61,0,1,0
BRF:2
BRH:1
end_of_record
